08/14/20 18:26:16 ******************************************************
08/14/20 18:26:16 ** condor_scheduniv_exec.113.0 (CONDOR_DAGMAN) STARTING UP
08/14/20 18:26:16 ** /usr/bin/condor_dagman
08/14/20 18:26:16 ** SubsystemInfo: name=DAGMAN type=DAGMAN(10) class=DAEMON(1)
08/14/20 18:26:16 ** Configuration: subsystem:DAGMAN local:<NONE> class:DAEMON
08/14/20 18:26:16 ** $CondorVersion: 8.8.9 May 06 2020 BuildID: 503068 PackageID: 8.8.9-1 $
08/14/20 18:26:16 ** $CondorPlatform: x86_64_CentOS7 $
08/14/20 18:26:16 ** PID = 6363
08/14/20 18:26:16 ** Log last touched time unavailable (No such file or directory)
08/14/20 18:26:16 ******************************************************
08/14/20 18:26:16 Using config source: /etc/condor/condor_config
08/14/20 18:26:16 Using local config sources: 
08/14/20 18:26:16    /etc/condor/config.d/00-minicondor
08/14/20 18:26:16    /etc/condor/condor_config.local
08/14/20 18:26:16 config Macros = 81, Sorted = 81, StringBytes = 2257, TablesBytes = 2964
08/14/20 18:26:16 CLASSAD_CACHING is ENABLED
08/14/20 18:26:16 Daemon Log is logging: D_ALWAYS D_ERROR
08/14/20 18:26:16 DaemonCore: No command port requested.
08/14/20 18:26:16 DAGMAN_USE_STRICT setting: 1
08/14/20 18:26:16 DAGMAN_VERBOSITY setting: 3
08/14/20 18:26:16 DAGMAN_DEBUG_CACHE_SIZE setting: 5242880
08/14/20 18:26:16 DAGMAN_DEBUG_CACHE_ENABLE setting: False
08/14/20 18:26:16 DAGMAN_SUBMIT_DELAY setting: 0
08/14/20 18:26:16 DAGMAN_MAX_SUBMIT_ATTEMPTS setting: 6
08/14/20 18:26:16 DAGMAN_STARTUP_CYCLE_DETECT setting: False
08/14/20 18:26:16 DAGMAN_MAX_SUBMITS_PER_INTERVAL setting: 100
08/14/20 18:26:16 DAGMAN_AGGRESSIVE_SUBMIT setting: False
08/14/20 18:26:16 DAGMAN_USER_LOG_SCAN_INTERVAL setting: 5
08/14/20 18:26:16 DAGMAN_QUEUE_UPDATE_INTERVAL setting: 300
08/14/20 18:26:16 DAGMAN_DEFAULT_PRIORITY setting: 0
08/14/20 18:26:16 DAGMAN_SUPPRESS_NOTIFICATION setting: True
08/14/20 18:26:16 allow_events (DAGMAN_ALLOW_EVENTS) setting: 114
08/14/20 18:26:16 DAGMAN_RETRY_SUBMIT_FIRST setting: True
08/14/20 18:26:16 DAGMAN_RETRY_NODE_FIRST setting: False
08/14/20 18:26:16 DAGMAN_MAX_JOBS_IDLE setting: 1000
08/14/20 18:26:16 DAGMAN_MAX_JOBS_SUBMITTED setting: 0
08/14/20 18:26:16 DAGMAN_MAX_PRE_SCRIPTS setting: 20
08/14/20 18:26:16 DAGMAN_MAX_POST_SCRIPTS setting: 20
08/14/20 18:26:16 DAGMAN_MUNGE_NODE_NAMES setting: True
08/14/20 18:26:16 DAGMAN_PROHIBIT_MULTI_JOBS setting: False
08/14/20 18:26:16 DAGMAN_SUBMIT_DEPTH_FIRST setting: False
08/14/20 18:26:16 DAGMAN_ALWAYS_RUN_POST setting: False
08/14/20 18:26:16 DAGMAN_CONDOR_SUBMIT_EXE setting: /usr/bin/condor_submit
08/14/20 18:26:16 DAGMAN_USE_CONDOR_SUBMIT setting: True
08/14/20 18:26:16 DAGMAN_ABORT_DUPLICATES setting: True
08/14/20 18:26:16 DAGMAN_ABORT_ON_SCARY_SUBMIT setting: True
08/14/20 18:26:16 DAGMAN_PENDING_REPORT_INTERVAL setting: 600
08/14/20 18:26:16 DAGMAN_AUTO_RESCUE setting: True
08/14/20 18:26:16 DAGMAN_MAX_RESCUE_NUM setting: 100
08/14/20 18:26:16 DAGMAN_WRITE_PARTIAL_RESCUE setting: True
08/14/20 18:26:16 DAGMAN_DEFAULT_NODE_LOG setting: @(DAG_DIR)/@(DAG_FILE).nodes.log
08/14/20 18:26:16 DAGMAN_GENERATE_SUBDAG_SUBMITS setting: True
08/14/20 18:26:16 DAGMAN_MAX_JOB_HOLDS setting: 100
08/14/20 18:26:16 DAGMAN_HOLD_CLAIM_TIME setting: 20
08/14/20 18:26:16 ALL_DEBUG setting: 
08/14/20 18:26:16 DAGMAN_DEBUG setting: 
08/14/20 18:26:16 DAGMAN_SUPPRESS_JOB_LOGS setting: False
08/14/20 18:26:16 DAGMAN_REMOVE_NODE_JOBS setting: True
08/14/20 18:26:16 argv[0] == "condor_scheduniv_exec.113.0"
08/14/20 18:26:16 argv[1] == "-Lockfile"
08/14/20 18:26:16 argv[2] == "image_resize_wf-0.dag.lock"
08/14/20 18:26:16 argv[3] == "-AutoRescue"
08/14/20 18:26:16 argv[4] == "1"
08/14/20 18:26:16 argv[5] == "-DoRescueFrom"
08/14/20 18:26:16 argv[6] == "0"
08/14/20 18:26:16 argv[7] == "-Dag"
08/14/20 18:26:16 argv[8] == "image_resize_wf-0.dag"
08/14/20 18:26:16 argv[9] == "-MaxPost"
08/14/20 18:26:16 argv[10] == "20"
08/14/20 18:26:16 argv[11] == "-Suppress_notification"
08/14/20 18:26:16 argv[12] == "-CsdVersion"
08/14/20 18:26:16 argv[13] == "$CondorVersion: 8.8.9 May 06 2020 BuildID: 503068 PackageID: 8.8.9-1 $"
08/14/20 18:26:16 argv[14] == "-Dagman"
08/14/20 18:26:16 argv[15] == "/bin/condor_dagman"
08/14/20 18:26:16 Workflow batch-name: <image_resize_wf-0.dag+113>
08/14/20 18:26:16 Workflow accounting_group: <>
08/14/20 18:26:16 Workflow accounting_group_user: <>
08/14/20 18:26:16 Warning: failed to get attribute DAGNodeName
08/14/20 18:26:16 DAGMAN_LOG_ON_NFS_IS_ERROR setting: False
08/14/20 18:26:16 Default node log file is: </home/scitech/shared-data/sample-images-wf/scitech/pegasus/image_resize_wf/run0003/./image_resize_wf-0.dag.nodes.log>
08/14/20 18:26:16 DAG Lockfile will be written to image_resize_wf-0.dag.lock
08/14/20 18:26:16 DAG Input file is image_resize_wf-0.dag
08/14/20 18:26:16 Parsing 1 dagfiles
08/14/20 18:26:16 Parsing image_resize_wf-0.dag ...
08/14/20 18:26:17 Warning:  could not open Pegasus braindump file braindump.txt
08/14/20 18:26:17 Dag contains 9 total jobs
08/14/20 18:26:17 Sleeping for 3 seconds to ensure ProcessId uniqueness
08/14/20 18:26:20 Bootstrapping...
08/14/20 18:26:20 Number of pre-completed nodes: 0
08/14/20 18:26:20 MultiLogFiles: truncating log file /home/scitech/shared-data/sample-images-wf/scitech/pegasus/image_resize_wf/run0003/./image_resize_wf-0.dag.nodes.log
08/14/20 18:26:20 DAG status: 0 (DAG_STATUS_OK)
08/14/20 18:26:20 Of 9 nodes total:
08/14/20 18:26:20  Done     Pre   Queued    Post   Ready   Un-Ready   Failed
08/14/20 18:26:20   ===     ===      ===     ===     ===        ===      ===
08/14/20 18:26:20     0       0        0       0       1          8        0
08/14/20 18:26:20 0 job proc(s) currently held
08/14/20 18:26:20 DAGMan Runtime Statistics: [ EventCycleTimeSum = 0.0; EventCycleTimeCount = 0.0; SleepCycleTimeCount = 0.0; SubmitCycleTimeSum = 0.0; SubmitCycleTimeCount = 0.0; LogProcessCycleTimeSum = 0.0; SleepCycleTimeSum = 0.0; LogProcessCycleTimeCount = 0.0; ]
08/14/20 18:26:20 Registering condor_event_timer...
08/14/20 18:26:21 Submitting HTCondor Node create_dir_image_resize_wf_0_local job(s)...
08/14/20 18:26:21 Adding a DAGMan workflow log /home/scitech/shared-data/sample-images-wf/scitech/pegasus/image_resize_wf/run0003/./image_resize_wf-0.dag.nodes.log
08/14/20 18:26:21 Masking the events recorded in the DAGMAN workflow log
08/14/20 18:26:21 Mask for workflow log is 0,1,2,4,5,7,9,10,11,12,13,16,17,24,27,35,36
08/14/20 18:26:21 submitting: /usr/bin/condor_submit -a dag_node_name' '=' 'create_dir_image_resize_wf_0_local -a +DAGManJobId' '=' '113 -a DAGManJobId' '=' '113 -batch-name image_resize_wf-0.dag+113 -a submit_event_notes' '=' 'DAG' 'Node:' 'create_dir_image_resize_wf_0_local -a dagman_log' '=' '/home/scitech/shared-data/sample-images-wf/scitech/pegasus/image_resize_wf/run0003/./image_resize_wf-0.dag.nodes.log -a +DAGManNodesMask' '=' '"0,1,2,4,5,7,9,10,11,12,13,16,17,24,27,35,36" -a priority=800 -a +DAGNodeRetry' '=' '0 -a DAG_STATUS' '=' '0 -a FAILED_COUNT' '=' '0 -a +KeepClaimIdle' '=' '20 -a notification' '=' 'never -a +DAGParentNodeNames' '=' '"" 00/00/create_dir_image_resize_wf_0_local.sub
08/14/20 18:26:21 From submit: Submitting job(s).
08/14/20 18:26:21 From submit: 1 job(s) submitted to cluster 114.
08/14/20 18:26:21 	assigned HTCondor ID (114.0.0)
08/14/20 18:26:21 Just submitted 1 job this cycle...
08/14/20 18:26:21 DAG status: 0 (DAG_STATUS_OK)
08/14/20 18:26:21 Of 9 nodes total:
08/14/20 18:26:21  Done     Pre   Queued    Post   Ready   Un-Ready   Failed
08/14/20 18:26:21   ===     ===      ===     ===     ===        ===      ===
08/14/20 18:26:21     0       0        1       0       0          8        0
08/14/20 18:26:21 0 job proc(s) currently held
08/14/20 18:26:21 DAGMan Runtime Statistics: [ EventCycleTimeCount = 0.0; EventCycleTimeSum = 0.0; LogProcessCycleTimeCount = 0.0; SleepCycleTimeSum = 0.0; LogProcessCycleTimeSum = 0.0; SubmitCycleTimeCount = 1.0; SubmitCycleTimeMax = 0.0734100341796875; SubmitCycleTimeMin = 0.0734100341796875; SubmitCycleTimeAvg = 0.0734100341796875; SubmitCycleTimeStd = 0.0734100341796875; SubmitCycleTimeSum = 0.0734100341796875; SleepCycleTimeCount = 0.0; ]
08/14/20 18:26:26 Currently monitoring 1 HTCondor log file(s)
08/14/20 18:26:26 Reassigning the id of job create_dir_image_resize_wf_0_local from (114.0.0) to (114.0.0)
08/14/20 18:26:26 Event: ULOG_SUBMIT for HTCondor Node create_dir_image_resize_wf_0_local (114.0.0) {08/14/20 18:26:21}
08/14/20 18:26:26 Number of idle job procs: 1
08/14/20 18:26:31 Currently monitoring 1 HTCondor log file(s)
08/14/20 18:26:31 Event: ULOG_EXECUTE for HTCondor Node create_dir_image_resize_wf_0_local (114.0.0) {08/14/20 18:26:27}
08/14/20 18:26:31 Number of idle job procs: 0
08/14/20 18:26:31 Event: ULOG_JOB_TERMINATED for HTCondor Node create_dir_image_resize_wf_0_local (114.0.0) {08/14/20 18:26:29}
08/14/20 18:26:31 Number of idle job procs: 0
08/14/20 18:26:31 Node create_dir_image_resize_wf_0_local job proc (114.0.0) completed successfully.
08/14/20 18:26:31 Node create_dir_image_resize_wf_0_local job completed
08/14/20 18:26:31 Running POST script of Node create_dir_image_resize_wf_0_local...
08/14/20 18:26:31 Warning: mysin has length 0 (ignore if produced by DAGMan; see gittrac #4987, #5031)
08/14/20 18:26:31 DAG status: 0 (DAG_STATUS_OK)
08/14/20 18:26:31 Of 9 nodes total:
08/14/20 18:26:31  Done     Pre   Queued    Post   Ready   Un-Ready   Failed
08/14/20 18:26:31   ===     ===      ===     ===     ===        ===      ===
08/14/20 18:26:31     0       0        0       1       0          8        0
08/14/20 18:26:31 0 job proc(s) currently held
08/14/20 18:26:31 DAGMan Runtime Statistics: [ EventCycleTimeStd = 0.0446107532748409; EventCycleTimeMax = 0.08154296875; SubmitCycleTimeMin = 0.001410007476806641; SubmitCycleTimeAvg = 0.02546270688374837; SleepCycleTimeCount = 2.0; SubmitCycleTimeCount = 3.0; SubmitCycleTimeMax = 0.0734100341796875; SleepCycleTimeMin = 5.007730007171631; SubmitCycleTimeSum = 0.07638812065124512; LogProcessCycleTimeStd = 0.01351143669562241; SubmitCycleTimeStd = 0.04152367869985905; LogProcessCycleTimeAvg = 0.02471911907196045; EventCycleTimeMin = 0.01845383644104004; LogProcessCycleTimeMax = 0.03427314758300781; LogProcessCycleTimeMin = 0.01516509056091309; LogProcessCycleTimeSum = 0.0494382381439209; LogProcessCycleTimeCount = 2.0; EventCycleTimeSum = 0.09999680519104004; SleepCycleTimeSum = 10.01691699028015; SleepCycleTimeAvg = 5.008458495140076; SleepCycleTimeStd = 0.001030237565000294; SleepCycleTimeMax = 5.009186983108521; EventCycleTimeCount = 2.0; EventCycleTimeAvg = 0.04999840259552002; ]
08/14/20 18:26:31 Initializing user log writer for /home/scitech/shared-data/sample-images-wf/scitech/pegasus/image_resize_wf/run0003/./image_resize_wf-0.dag.nodes.log, (114.0.0)
08/14/20 18:26:36 Currently monitoring 1 HTCondor log file(s)
08/14/20 18:26:36 Event: ULOG_POST_SCRIPT_TERMINATED for HTCondor Node create_dir_image_resize_wf_0_local (114.0.0) {08/14/20 18:26:31}
08/14/20 18:26:36 POST Script of node create_dir_image_resize_wf_0_local completed successfully.
08/14/20 18:26:36 DAG status: 0 (DAG_STATUS_OK)
08/14/20 18:26:36 Of 9 nodes total:
08/14/20 18:26:36  Done     Pre   Queued    Post   Ready   Un-Ready   Failed
08/14/20 18:26:36   ===     ===      ===     ===     ===        ===      ===
08/14/20 18:26:36     1       0        0       0       2          6        0
08/14/20 18:26:36 0 job proc(s) currently held
08/14/20 18:26:36 DAGMan Runtime Statistics: [ EventCycleTimeStd = 0.03155794287899621; EventCycleTimeMax = 0.08154296875; SubmitCycleTimeMin = 0.001410007476806641; SubmitCycleTimeAvg = 0.01955527067184448; SleepCycleTimeCount = 3.0; SubmitCycleTimeCount = 4.0; SubmitCycleTimeMax = 0.0734100341796875; SleepCycleTimeMin = 5.007730007171631; SubmitCycleTimeSum = 0.07822108268737793; LogProcessCycleTimeStd = 0.01183504204070055; SubmitCycleTimeStd = 0.03590359971140692; LogProcessCycleTimeAvg = 0.02068638801574707; EventCycleTimeMin = 0.01845383644104004; LogProcessCycleTimeMax = 0.03427314758300781; LogProcessCycleTimeMin = 0.01262092590332031; LogProcessCycleTimeSum = 0.06205916404724121; LogProcessCycleTimeCount = 3.0; EventCycleTimeSum = 0.1484038829803467; SleepCycleTimeSum = 15.46864008903503; SleepCycleTimeAvg = 5.156213363011678; SleepCycleTimeStd = 0.2559199750585846; SleepCycleTimeMax = 5.451723098754883; EventCycleTimeCount = 3.0; EventCycleTimeAvg = 0.04946796099344889; ]
08/14/20 18:26:41 Submitting HTCondor Node stage_in_remote_local_0_0 job(s)...
08/14/20 18:26:41 Adding a DAGMan workflow log /home/scitech/shared-data/sample-images-wf/scitech/pegasus/image_resize_wf/run0003/./image_resize_wf-0.dag.nodes.log
08/14/20 18:26:41 Masking the events recorded in the DAGMAN workflow log
08/14/20 18:26:41 Mask for workflow log is 0,1,2,4,5,7,9,10,11,12,13,16,17,24,27,35,36
08/14/20 18:26:41 submitting: /usr/bin/condor_submit -a dag_node_name' '=' 'stage_in_remote_local_0_0 -a +DAGManJobId' '=' '113 -a DAGManJobId' '=' '113 -batch-name image_resize_wf-0.dag+113 -a submit_event_notes' '=' 'DAG' 'Node:' 'stage_in_remote_local_0_0 -a dagman_log' '=' '/home/scitech/shared-data/sample-images-wf/scitech/pegasus/image_resize_wf/run0003/./image_resize_wf-0.dag.nodes.log -a +DAGManNodesMask' '=' '"0,1,2,4,5,7,9,10,11,12,13,16,17,24,27,35,36" -a priority=700 -a +DAGNodeRetry' '=' '0 -a DAG_STATUS' '=' '0 -a FAILED_COUNT' '=' '0 -a +KeepClaimIdle' '=' '20 -a notification' '=' 'never -a +DAGParentNodeNames' '=' '"create_dir_image_resize_wf_0_local" 00/00/stage_in_remote_local_0_0.sub
08/14/20 18:26:41 From submit: Submitting job(s).
08/14/20 18:26:41 From submit: 1 job(s) submitted to cluster 115.
08/14/20 18:26:41 	assigned HTCondor ID (115.0.0)
08/14/20 18:26:41 Submitting HTCondor Node stage_in_local_local_0_0 job(s)...
08/14/20 18:26:41 Adding a DAGMan workflow log /home/scitech/shared-data/sample-images-wf/scitech/pegasus/image_resize_wf/run0003/./image_resize_wf-0.dag.nodes.log
08/14/20 18:26:41 Masking the events recorded in the DAGMAN workflow log
08/14/20 18:26:41 Mask for workflow log is 0,1,2,4,5,7,9,10,11,12,13,16,17,24,27,35,36
08/14/20 18:26:41 submitting: /usr/bin/condor_submit -a dag_node_name' '=' 'stage_in_local_local_0_0 -a +DAGManJobId' '=' '113 -a DAGManJobId' '=' '113 -batch-name image_resize_wf-0.dag+113 -a submit_event_notes' '=' 'DAG' 'Node:' 'stage_in_local_local_0_0 -a dagman_log' '=' '/home/scitech/shared-data/sample-images-wf/scitech/pegasus/image_resize_wf/run0003/./image_resize_wf-0.dag.nodes.log -a +DAGManNodesMask' '=' '"0,1,2,4,5,7,9,10,11,12,13,16,17,24,27,35,36" -a priority=700 -a +DAGNodeRetry' '=' '0 -a DAG_STATUS' '=' '0 -a FAILED_COUNT' '=' '0 -a +KeepClaimIdle' '=' '20 -a notification' '=' 'never -a +DAGParentNodeNames' '=' '"create_dir_image_resize_wf_0_local" 00/00/stage_in_local_local_0_0.sub
08/14/20 18:26:41 From submit: Submitting job(s).
08/14/20 18:26:41 From submit: 1 job(s) submitted to cluster 116.
08/14/20 18:26:41 	assigned HTCondor ID (116.0.0)
08/14/20 18:26:41 Just submitted 2 jobs this cycle...
08/14/20 18:26:41 DAG status: 0 (DAG_STATUS_OK)
08/14/20 18:26:41 Of 9 nodes total:
08/14/20 18:26:41  Done     Pre   Queued    Post   Ready   Un-Ready   Failed
08/14/20 18:26:41   ===     ===      ===     ===     ===        ===      ===
08/14/20 18:26:41     1       0        2       0       0          6        0
08/14/20 18:26:41 0 job proc(s) currently held
08/14/20 18:26:41 DAGMan Runtime Statistics: [ EventCycleTimeStd = 0.02788820948625941; EventCycleTimeMax = 0.08154296875; SubmitCycleTimeMin = 0.001410007476806641; SubmitCycleTimeAvg = 0.04542384147644043; SleepCycleTimeCount = 4.0; SubmitCycleTimeCount = 5.0; SubmitCycleTimeMax = 0.1488981246948242; SleepCycleTimeMin = 5.007730007171631; SubmitCycleTimeSum = 0.2271192073822021; LogProcessCycleTimeStd = 0.01183504204070055; SubmitCycleTimeStd = 0.06567127325961994; LogProcessCycleTimeAvg = 0.02068638801574707; EventCycleTimeMin = 0.01845383644104004; LogProcessCycleTimeMax = 0.03427314758300781; LogProcessCycleTimeMin = 0.01262092590332031; LogProcessCycleTimeSum = 0.06205916404724121; LogProcessCycleTimeCount = 3.0; EventCycleTimeSum = 0.17653489112854; SleepCycleTimeSum = 20.47771596908569; SleepCycleTimeAvg = 5.119428992271423; SleepCycleTimeStd = 0.2215303940298385; SleepCycleTimeMax = 5.451723098754883; EventCycleTimeCount = 4.0; EventCycleTimeAvg = 0.04413372278213501; ]
08/14/20 18:26:46 Currently monitoring 1 HTCondor log file(s)
08/14/20 18:26:46 Reassigning the id of job stage_in_remote_local_0_0 from (115.0.0) to (115.0.0)
08/14/20 18:26:46 Event: ULOG_SUBMIT for HTCondor Node stage_in_remote_local_0_0 (115.0.0) {08/14/20 18:26:41}
08/14/20 18:26:46 Number of idle job procs: 1
08/14/20 18:26:46 Reassigning the id of job stage_in_local_local_0_0 from (116.0.0) to (116.0.0)
08/14/20 18:26:46 Event: ULOG_SUBMIT for HTCondor Node stage_in_local_local_0_0 (116.0.0) {08/14/20 18:26:41}
08/14/20 18:26:46 Number of idle job procs: 2
08/14/20 18:26:46 Event: ULOG_EXECUTE for HTCondor Node stage_in_remote_local_0_0 (115.0.0) {08/14/20 18:26:42}
08/14/20 18:26:46 Number of idle job procs: 1
08/14/20 18:26:46 Event: ULOG_EXECUTE for HTCondor Node stage_in_local_local_0_0 (116.0.0) {08/14/20 18:26:42}
08/14/20 18:26:46 Number of idle job procs: 0
08/14/20 18:26:46 Event: ULOG_JOB_TERMINATED for HTCondor Node stage_in_remote_local_0_0 (115.0.0) {08/14/20 18:26:45}
08/14/20 18:26:46 Number of idle job procs: 0
08/14/20 18:26:46 Node stage_in_remote_local_0_0 job proc (115.0.0) completed successfully.
08/14/20 18:26:46 Node stage_in_remote_local_0_0 job completed
08/14/20 18:26:46 Running POST script of Node stage_in_remote_local_0_0...
08/14/20 18:26:46 Warning: mysin has length 0 (ignore if produced by DAGMan; see gittrac #4987, #5031)
08/14/20 18:26:46 Event: ULOG_JOB_TERMINATED for HTCondor Node stage_in_local_local_0_0 (116.0.0) {08/14/20 18:26:46}
08/14/20 18:26:46 Number of idle job procs: 0
08/14/20 18:26:46 Node stage_in_local_local_0_0 job proc (116.0.0) completed successfully.
08/14/20 18:26:46 Node stage_in_local_local_0_0 job completed
08/14/20 18:26:46 Running POST script of Node stage_in_local_local_0_0...
08/14/20 18:26:46 Warning: mysin has length 0 (ignore if produced by DAGMan; see gittrac #4987, #5031)
08/14/20 18:26:46 DAG status: 0 (DAG_STATUS_OK)
08/14/20 18:26:46 Of 9 nodes total:
08/14/20 18:26:46  Done     Pre   Queued    Post   Ready   Un-Ready   Failed
08/14/20 18:26:46   ===     ===      ===     ===     ===        ===      ===
08/14/20 18:26:46     1       0        0       2       0          6        0
08/14/20 18:26:46 0 job proc(s) currently held
08/14/20 18:26:46 DAGMan Runtime Statistics: [ EventCycleTimeStd = 0.05682528079968386; EventCycleTimeMax = 0.1591510772705078; SubmitCycleTimeMin = 0.00105595588684082; SubmitCycleTimeAvg = 0.03802919387817383; SleepCycleTimeCount = 5.0; SubmitCycleTimeCount = 6.0; SubmitCycleTimeMax = 0.1488981246948242; SleepCycleTimeMin = 4.972949981689453; SubmitCycleTimeSum = 0.228175163269043; LogProcessCycleTimeStd = 0.03904260496859702; SubmitCycleTimeStd = 0.061467534388871; LogProcessCycleTimeAvg = 0.03960031270980835; EventCycleTimeMin = 0.01845383644104004; LogProcessCycleTimeMax = 0.09634208679199219; LogProcessCycleTimeMin = 0.01262092590332031; LogProcessCycleTimeSum = 0.1584012508392334; LogProcessCycleTimeCount = 4.0; EventCycleTimeSum = 0.3356859683990479; SleepCycleTimeSum = 25.45066595077515; SleepCycleTimeAvg = 5.090133190155029; SleepCycleTimeStd = 0.2027264331987228; SleepCycleTimeMax = 5.451723098754883; EventCycleTimeCount = 5.0; EventCycleTimeAvg = 0.06713719367980957; ]
08/14/20 18:26:47 Initializing user log writer for /home/scitech/shared-data/sample-images-wf/scitech/pegasus/image_resize_wf/run0003/./image_resize_wf-0.dag.nodes.log, (115.0.0)
08/14/20 18:26:47 Initializing user log writer for /home/scitech/shared-data/sample-images-wf/scitech/pegasus/image_resize_wf/run0003/./image_resize_wf-0.dag.nodes.log, (116.0.0)
08/14/20 18:26:51 Currently monitoring 1 HTCondor log file(s)
08/14/20 18:26:51 Event: ULOG_POST_SCRIPT_TERMINATED for HTCondor Node stage_in_remote_local_0_0 (115.0.0) {08/14/20 18:26:47}
08/14/20 18:26:51 POST Script of node stage_in_remote_local_0_0 completed successfully.
08/14/20 18:26:51 Event: ULOG_POST_SCRIPT_TERMINATED for HTCondor Node stage_in_local_local_0_0 (116.0.0) {08/14/20 18:26:47}
08/14/20 18:26:51 POST Script of node stage_in_local_local_0_0 completed successfully.
08/14/20 18:26:51 DAG status: 0 (DAG_STATUS_OK)
08/14/20 18:26:51 Of 9 nodes total:
08/14/20 18:26:51  Done     Pre   Queued    Post   Ready   Un-Ready   Failed
08/14/20 18:26:51   ===     ===      ===     ===     ===        ===      ===
08/14/20 18:26:51     3       0        0       0       1          5        0
08/14/20 18:26:51 0 job proc(s) currently held
08/14/20 18:26:51 DAGMan Runtime Statistics: [ EventCycleTimeStd = 0.05544704616540145; EventCycleTimeMax = 0.1591510772705078; SubmitCycleTimeMin = 0.00105595588684082; SubmitCycleTimeAvg = 0.03276746613638742; SleepCycleTimeCount = 6.0; SubmitCycleTimeCount = 7.0; SubmitCycleTimeMax = 0.1488981246948242; SleepCycleTimeMin = 4.884627103805542; SubmitCycleTimeSum = 0.2293722629547119; LogProcessCycleTimeStd = 0.03538758282981984; SubmitCycleTimeStd = 0.05781304874339926; LogProcessCycleTimeAvg = 0.03493046760559082; EventCycleTimeMin = 0.01845383644104004; LogProcessCycleTimeMax = 0.09634208679199219; LogProcessCycleTimeMin = 0.01262092590332031; LogProcessCycleTimeSum = 0.1746523380279541; LogProcessCycleTimeCount = 5.0; EventCycleTimeSum = 0.4571049213409424; SleepCycleTimeSum = 30.33529305458069; SleepCycleTimeAvg = 5.055882175763448; SleepCycleTimeStd = 0.1997928859972163; SleepCycleTimeMax = 5.451723098754883; EventCycleTimeCount = 6.0; EventCycleTimeAvg = 0.07618415355682373; ]
08/14/20 18:26:56 Submitting HTCondor Node image_resize_ID0000001 job(s)...
08/14/20 18:26:56 Adding a DAGMan workflow log /home/scitech/shared-data/sample-images-wf/scitech/pegasus/image_resize_wf/run0003/./image_resize_wf-0.dag.nodes.log
08/14/20 18:26:56 Masking the events recorded in the DAGMAN workflow log
08/14/20 18:26:56 Mask for workflow log is 0,1,2,4,5,7,9,10,11,12,13,16,17,24,27,35,36
08/14/20 18:26:56 submitting: /usr/bin/condor_submit -a dag_node_name' '=' 'image_resize_ID0000001 -a +DAGManJobId' '=' '113 -a DAGManJobId' '=' '113 -batch-name image_resize_wf-0.dag+113 -a submit_event_notes' '=' 'DAG' 'Node:' 'image_resize_ID0000001 -a dagman_log' '=' '/home/scitech/shared-data/sample-images-wf/scitech/pegasus/image_resize_wf/run0003/./image_resize_wf-0.dag.nodes.log -a +DAGManNodesMask' '=' '"0,1,2,4,5,7,9,10,11,12,13,16,17,24,27,35,36" -a priority=20 -a +DAGNodeRetry' '=' '0 -a DAG_STATUS' '=' '0 -a FAILED_COUNT' '=' '0 -a +KeepClaimIdle' '=' '20 -a notification' '=' 'never -a +DAGParentNodeNames' '=' '"stage_in_remote_local_0_0,stage_in_local_local_0_0" 00/00/image_resize_ID0000001.sub
08/14/20 18:26:57 From submit: Submitting job(s).
08/14/20 18:26:57 From submit: 1 job(s) submitted to cluster 117.
08/14/20 18:26:57 	assigned HTCondor ID (117.0.0)
08/14/20 18:26:57 Just submitted 1 job this cycle...
08/14/20 18:26:57 DAG status: 0 (DAG_STATUS_OK)
08/14/20 18:26:57 Of 9 nodes total:
08/14/20 18:26:57  Done     Pre   Queued    Post   Ready   Un-Ready   Failed
08/14/20 18:26:57   ===     ===      ===     ===     ===        ===      ===
08/14/20 18:26:57     3       0        1       0       0          5        0
08/14/20 18:26:57 0 job proc(s) currently held
08/14/20 18:26:57 DAGMan Runtime Statistics: [ EventCycleTimeStd = 0.05360140192231682; EventCycleTimeMax = 0.1591510772705078; SubmitCycleTimeMin = 0.00105595588684082; SubmitCycleTimeAvg = 0.04869630932807922; SleepCycleTimeCount = 7.0; SubmitCycleTimeCount = 8.0; SubmitCycleTimeMax = 0.1601982116699219; SleepCycleTimeMin = 4.884627103805542; SubmitCycleTimeSum = 0.3895704746246338; LogProcessCycleTimeStd = 0.03538758282981984; SubmitCycleTimeStd = 0.06996209399572673; LogProcessCycleTimeAvg = 0.03493046760559082; EventCycleTimeMin = 0.01845383644104004; LogProcessCycleTimeMax = 0.09634208679199219; LogProcessCycleTimeMin = 0.01262092590332031; LogProcessCycleTimeSum = 0.1746523380279541; LogProcessCycleTimeCount = 5.0; EventCycleTimeSum = 0.4866209030151367; SleepCycleTimeSum = 35.34371995925903; SleepCycleTimeAvg = 5.049102851322719; SleepCycleTimeStd = 0.1832649605307852; SleepCycleTimeMax = 5.451723098754883; EventCycleTimeCount = 7.0; EventCycleTimeAvg = 0.06951727185930524; ]
08/14/20 18:27:02 Currently monitoring 1 HTCondor log file(s)
08/14/20 18:27:02 Reassigning the id of job image_resize_ID0000001 from (117.0.0) to (117.0.0)
08/14/20 18:27:02 Event: ULOG_SUBMIT for HTCondor Node image_resize_ID0000001 (117.0.0) {08/14/20 18:26:57}
08/14/20 18:27:02 Number of idle job procs: 1
08/14/20 18:27:07 Currently monitoring 1 HTCondor log file(s)
08/14/20 18:27:07 Event: ULOG_EXECUTE for HTCondor Node image_resize_ID0000001 (117.0.0) {08/14/20 18:27:03}
08/14/20 18:27:07 Number of idle job procs: 0
08/14/20 18:27:07 Event: ULOG_JOB_TERMINATED for HTCondor Node image_resize_ID0000001 (117.0.0) {08/14/20 18:27:06}
08/14/20 18:27:07 Number of idle job procs: 0
08/14/20 18:27:07 Node image_resize_ID0000001 job proc (117.0.0) completed successfully.
08/14/20 18:27:07 Node image_resize_ID0000001 job completed
08/14/20 18:27:07 Running POST script of Node image_resize_ID0000001...
08/14/20 18:27:07 Warning: mysin has length 0 (ignore if produced by DAGMan; see gittrac #4987, #5031)
08/14/20 18:27:07 DAG status: 0 (DAG_STATUS_OK)
08/14/20 18:27:07 Of 9 nodes total:
08/14/20 18:27:07  Done     Pre   Queued    Post   Ready   Un-Ready   Failed
08/14/20 18:27:07   ===     ===      ===     ===     ===        ===      ===
08/14/20 18:27:07     3       0        0       1       0          5        0
08/14/20 18:27:07 0 job proc(s) currently held
08/14/20 18:27:07 DAGMan Runtime Statistics: [ EventCycleTimeStd = 0.06161258093960734; EventCycleTimeMax = 0.1698870658874512; SubmitCycleTimeMin = 0.0004909038543701172; SubmitCycleTimeAvg = 0.03906483650207519; SleepCycleTimeCount = 9.0; SubmitCycleTimeCount = 10.0; SubmitCycleTimeMax = 0.1601982116699219; SleepCycleTimeMin = 4.884627103805542; SubmitCycleTimeSum = 0.390648365020752; LogProcessCycleTimeStd = 0.03044579143788628; SubmitCycleTimeStd = 0.06495594878388471; LogProcessCycleTimeAvg = 0.02958331789289202; EventCycleTimeMin = 0.01238703727722168; LogProcessCycleTimeMax = 0.09634208679199219; LogProcessCycleTimeMin = 0.01110696792602539; LogProcessCycleTimeSum = 0.2070832252502441; LogProcessCycleTimeCount = 7.0; EventCycleTimeSum = 0.6688950061798096; SleepCycleTimeSum = 45.35285878181458; SleepCycleTimeAvg = 5.039206531312731; SleepCycleTimeStd = 0.1599224216659743; SleepCycleTimeMax = 5.451723098754883; EventCycleTimeCount = 9.0; EventCycleTimeAvg = 0.07432166735331218; ]
08/14/20 18:27:07 Initializing user log writer for /home/scitech/shared-data/sample-images-wf/scitech/pegasus/image_resize_wf/run0003/./image_resize_wf-0.dag.nodes.log, (117.0.0)
08/14/20 18:27:12 Currently monitoring 1 HTCondor log file(s)
08/14/20 18:27:12 Event: ULOG_POST_SCRIPT_TERMINATED for HTCondor Node image_resize_ID0000001 (117.0.0) {08/14/20 18:27:07}
08/14/20 18:27:12 POST Script of node image_resize_ID0000001 completed successfully.
08/14/20 18:27:12 DAG status: 0 (DAG_STATUS_OK)
08/14/20 18:27:12 Of 9 nodes total:
08/14/20 18:27:12  Done     Pre   Queued    Post   Ready   Un-Ready   Failed
08/14/20 18:27:12   ===     ===      ===     ===     ===        ===      ===
08/14/20 18:27:12     4       0        0       0       2          3        0
08/14/20 18:27:12 0 job proc(s) currently held
08/14/20 18:27:12 DAGMan Runtime Statistics: [ EventCycleTimeStd = 0.05974317435062061; EventCycleTimeMax = 0.1698870658874512; SubmitCycleTimeMin = 0.0003850460052490234; SubmitCycleTimeAvg = 0.03554849191145464; SleepCycleTimeCount = 10.0; SubmitCycleTimeCount = 11.0; SubmitCycleTimeMax = 0.1601982116699219; SleepCycleTimeMin = 4.884627103805542; SubmitCycleTimeSum = 0.391033411026001; LogProcessCycleTimeStd = 0.0296433610661314; SubmitCycleTimeStd = 0.06271649883605621; LogProcessCycleTimeAvg = 0.02633902430534363; EventCycleTimeMin = 0.01238703727722168; LogProcessCycleTimeMax = 0.09634208679199219; LogProcessCycleTimeMin = 0.003628969192504883; LogProcessCycleTimeSum = 0.210712194442749; LogProcessCycleTimeCount = 8.0; EventCycleTimeSum = 0.699066162109375; SleepCycleTimeSum = 50.78610873222351; SleepCycleTimeAvg = 5.078610873222351; SleepCycleTimeStd = 0.1956029544573025; SleepCycleTimeMax = 5.451723098754883; EventCycleTimeCount = 10.0; EventCycleTimeAvg = 0.06990661621093749; ]
08/14/20 18:27:17 Submitting HTCondor Node clean_up_local_level_3_0 job(s)...
08/14/20 18:27:17 Adding a DAGMan workflow log /home/scitech/shared-data/sample-images-wf/scitech/pegasus/image_resize_wf/run0003/./image_resize_wf-0.dag.nodes.log
08/14/20 18:27:17 Masking the events recorded in the DAGMAN workflow log
08/14/20 18:27:17 Mask for workflow log is 0,1,2,4,5,7,9,10,11,12,13,16,17,24,27,35,36
08/14/20 18:27:17 submitting: /usr/bin/condor_submit -a dag_node_name' '=' 'clean_up_local_level_3_0 -a +DAGManJobId' '=' '113 -a DAGManJobId' '=' '113 -batch-name image_resize_wf-0.dag+113 -a submit_event_notes' '=' 'DAG' 'Node:' 'clean_up_local_level_3_0 -a dagman_log' '=' '/home/scitech/shared-data/sample-images-wf/scitech/pegasus/image_resize_wf/run0003/./image_resize_wf-0.dag.nodes.log -a +DAGManNodesMask' '=' '"0,1,2,4,5,7,9,10,11,12,13,16,17,24,27,35,36" -a priority=1000 -a +DAGNodeRetry' '=' '0 -a DAG_STATUS' '=' '0 -a FAILED_COUNT' '=' '0 -a +KeepClaimIdle' '=' '20 -a notification' '=' 'never -a +DAGParentNodeNames' '=' '"image_resize_ID0000001" 00/00/clean_up_local_level_3_0.sub
08/14/20 18:27:17 From submit: Submitting job(s).
08/14/20 18:27:17 From submit: 1 job(s) submitted to cluster 118.
08/14/20 18:27:17 	assigned HTCondor ID (118.0.0)
08/14/20 18:27:17 Submitting HTCondor Node stage_out_local_local_0_0 job(s)...
08/14/20 18:27:17 Adding a DAGMan workflow log /home/scitech/shared-data/sample-images-wf/scitech/pegasus/image_resize_wf/run0003/./image_resize_wf-0.dag.nodes.log
08/14/20 18:27:17 Masking the events recorded in the DAGMAN workflow log
08/14/20 18:27:17 Mask for workflow log is 0,1,2,4,5,7,9,10,11,12,13,16,17,24,27,35,36
08/14/20 18:27:17 submitting: /usr/bin/condor_submit -a dag_node_name' '=' 'stage_out_local_local_0_0 -a +DAGManJobId' '=' '113 -a DAGManJobId' '=' '113 -batch-name image_resize_wf-0.dag+113 -a submit_event_notes' '=' 'DAG' 'Node:' 'stage_out_local_local_0_0 -a dagman_log' '=' '/home/scitech/shared-data/sample-images-wf/scitech/pegasus/image_resize_wf/run0003/./image_resize_wf-0.dag.nodes.log -a +DAGManNodesMask' '=' '"0,1,2,4,5,7,9,10,11,12,13,16,17,24,27,35,36" -a priority=900 -a +DAGNodeRetry' '=' '0 -a DAG_STATUS' '=' '0 -a FAILED_COUNT' '=' '0 -a +KeepClaimIdle' '=' '20 -a notification' '=' 'never -a +DAGParentNodeNames' '=' '"image_resize_ID0000001" 00/00/stage_out_local_local_0_0.sub
08/14/20 18:27:17 From submit: Submitting job(s).
08/14/20 18:27:17 From submit: 1 job(s) submitted to cluster 119.
08/14/20 18:27:17 	assigned HTCondor ID (119.0.0)
08/14/20 18:27:17 Just submitted 2 jobs this cycle...
08/14/20 18:27:17 DAG status: 0 (DAG_STATUS_OK)
08/14/20 18:27:17 Of 9 nodes total:
08/14/20 18:27:17  Done     Pre   Queued    Post   Ready   Un-Ready   Failed
08/14/20 18:27:17   ===     ===      ===     ===     ===        ===      ===
08/14/20 18:27:17     4       0        2       0       0          3        0
08/14/20 18:27:17 0 job proc(s) currently held
08/14/20 18:27:17 DAGMan Runtime Statistics: [ EventCycleTimeStd = 0.05942545623539484; EventCycleTimeMax = 0.1698870658874512; SubmitCycleTimeMin = 0.0003850460052490234; SubmitCycleTimeAvg = 0.04780344168345133; SleepCycleTimeCount = 11.0; SubmitCycleTimeCount = 12.0; SubmitCycleTimeMax = 0.182607889175415; SleepCycleTimeMin = 4.884627103805542; SubmitCycleTimeSum = 0.573641300201416; LogProcessCycleTimeStd = 0.0296433610661314; SubmitCycleTimeStd = 0.0733347573920132; LogProcessCycleTimeAvg = 0.02633902430534363; EventCycleTimeMin = 0.01066398620605469; LogProcessCycleTimeMax = 0.09634208679199219; LogProcessCycleTimeMin = 0.003628969192504883; LogProcessCycleTimeSum = 0.210712194442749; LogProcessCycleTimeCount = 8.0; EventCycleTimeSum = 0.7097301483154297; SleepCycleTimeSum = 55.79185271263123; SleepCycleTimeAvg = 5.071986610239202; SleepCycleTimeStd = 0.1868613220384316; SleepCycleTimeMax = 5.451723098754883; EventCycleTimeCount = 11.0; EventCycleTimeAvg = 0.06452092257412997; ]
08/14/20 18:27:22 Currently monitoring 1 HTCondor log file(s)
08/14/20 18:27:22 Reassigning the id of job clean_up_local_level_3_0 from (118.0.0) to (118.0.0)
08/14/20 18:27:22 Event: ULOG_SUBMIT for HTCondor Node clean_up_local_level_3_0 (118.0.0) {08/14/20 18:27:17}
08/14/20 18:27:22 Number of idle job procs: 1
08/14/20 18:27:22 Reassigning the id of job stage_out_local_local_0_0 from (119.0.0) to (119.0.0)
08/14/20 18:27:22 Event: ULOG_SUBMIT for HTCondor Node stage_out_local_local_0_0 (119.0.0) {08/14/20 18:27:17}
08/14/20 18:27:22 Number of idle job procs: 2
08/14/20 18:27:22 Event: ULOG_EXECUTE for HTCondor Node stage_out_local_local_0_0 (119.0.0) {08/14/20 18:27:21}
08/14/20 18:27:22 Number of idle job procs: 1
08/14/20 18:27:22 Event: ULOG_EXECUTE for HTCondor Node clean_up_local_level_3_0 (118.0.0) {08/14/20 18:27:21}
08/14/20 18:27:22 Number of idle job procs: 0
08/14/20 18:27:27 Currently monitoring 1 HTCondor log file(s)
08/14/20 18:27:27 Event: ULOG_JOB_TERMINATED for HTCondor Node stage_out_local_local_0_0 (119.0.0) {08/14/20 18:27:26}
08/14/20 18:27:27 Number of idle job procs: 0
08/14/20 18:27:27 Node stage_out_local_local_0_0 job proc (119.0.0) completed successfully.
08/14/20 18:27:27 Node stage_out_local_local_0_0 job completed
08/14/20 18:27:27 Running POST script of Node stage_out_local_local_0_0...
08/14/20 18:27:27 Warning: mysin has length 0 (ignore if produced by DAGMan; see gittrac #4987, #5031)
08/14/20 18:27:27 DAG status: 0 (DAG_STATUS_OK)
08/14/20 18:27:27 Of 9 nodes total:
08/14/20 18:27:27  Done     Pre   Queued    Post   Ready   Un-Ready   Failed
08/14/20 18:27:27   ===     ===      ===     ===     ===        ===      ===
08/14/20 18:27:27     4       0        1       1       0          3        0
08/14/20 18:27:27 0 job proc(s) currently held
08/14/20 18:27:27 DAGMan Runtime Statistics: [ EventCycleTimeStd = 0.06576182608965492; EventCycleTimeMax = 0.1905910968780518; SubmitCycleTimeMin = 0.0003850460052490234; SubmitCycleTimeAvg = 0.0411100046975272; SleepCycleTimeCount = 13.0; SubmitCycleTimeCount = 14.0; SubmitCycleTimeMax = 0.182607889175415; SleepCycleTimeMin = 4.884627103805542; SubmitCycleTimeSum = 0.5755400657653809; LogProcessCycleTimeStd = 0.02616091345615159; SubmitCycleTimeStd = 0.06957085811491512; LogProcessCycleTimeAvg = 0.02599451541900635; EventCycleTimeMin = 0.01066398620605469; LogProcessCycleTimeMax = 0.09634208679199219; LogProcessCycleTimeMin = 0.003628969192504883; LogProcessCycleTimeSum = 0.2599451541900635; LogProcessCycleTimeCount = 10.0; EventCycleTimeSum = 0.928657054901123; SleepCycleTimeSum = 65.82327175140381; SleepCycleTimeAvg = 5.063328596261831; SleepCycleTimeStd = 0.1719318733813739; SleepCycleTimeMax = 5.451723098754883; EventCycleTimeCount = 13.0; EventCycleTimeAvg = 0.07143515806931716; ]
08/14/20 18:27:28 Initializing user log writer for /home/scitech/shared-data/sample-images-wf/scitech/pegasus/image_resize_wf/run0003/./image_resize_wf-0.dag.nodes.log, (119.0.0)
08/14/20 18:27:32 Currently monitoring 1 HTCondor log file(s)
08/14/20 18:27:32 Event: ULOG_POST_SCRIPT_TERMINATED for HTCondor Node stage_out_local_local_0_0 (119.0.0) {08/14/20 18:27:28}
08/14/20 18:27:32 POST Script of node stage_out_local_local_0_0 completed successfully.
08/14/20 18:27:32 DAG status: 0 (DAG_STATUS_OK)
08/14/20 18:27:32 Of 9 nodes total:
08/14/20 18:27:32  Done     Pre   Queued    Post   Ready   Un-Ready   Failed
08/14/20 18:27:32   ===     ===      ===     ===     ===        ===      ===
08/14/20 18:27:32     5       0        1       0       2          1        0
08/14/20 18:27:32 0 job proc(s) currently held
08/14/20 18:27:32 DAGMan Runtime Statistics: [ EventCycleTimeStd = 0.06376109745777929; EventCycleTimeMax = 0.1905910968780518; SubmitCycleTimeMin = 0.0003850460052490234; SubmitCycleTimeAvg = 0.03839813868204753; SleepCycleTimeCount = 14.0; SubmitCycleTimeCount = 15.0; SubmitCycleTimeMax = 0.182607889175415; SleepCycleTimeMin = 4.476457834243774; SubmitCycleTimeSum = 0.5759720802307129; LogProcessCycleTimeStd = 0.02552630139712167; SubmitCycleTimeStd = 0.0678579090637379; LogProcessCycleTimeAvg = 0.02419456568631259; EventCycleTimeMin = 0.01066398620605469; LogProcessCycleTimeMax = 0.09634208679199219; LogProcessCycleTimeMin = 0.003628969192504883; LogProcessCycleTimeSum = 0.2661402225494385; LogProcessCycleTimeCount = 11.0; EventCycleTimeSum = 0.9680092334747314; SleepCycleTimeSum = 70.29972958564758; SleepCycleTimeAvg = 5.021409256117685; SleepCycleTimeStd = 0.2277891881730729; SleepCycleTimeMax = 5.451723098754883; EventCycleTimeCount = 14.0; EventCycleTimeAvg = 0.06914351667676653; ]
08/14/20 18:27:37 Submitting HTCondor Node clean_up_local_level_4_0 job(s)...
08/14/20 18:27:37 Adding a DAGMan workflow log /home/scitech/shared-data/sample-images-wf/scitech/pegasus/image_resize_wf/run0003/./image_resize_wf-0.dag.nodes.log
08/14/20 18:27:37 Masking the events recorded in the DAGMAN workflow log
08/14/20 18:27:37 Mask for workflow log is 0,1,2,4,5,7,9,10,11,12,13,16,17,24,27,35,36
08/14/20 18:27:37 submitting: /usr/bin/condor_submit -a dag_node_name' '=' 'clean_up_local_level_4_0 -a +DAGManJobId' '=' '113 -a DAGManJobId' '=' '113 -batch-name image_resize_wf-0.dag+113 -a submit_event_notes' '=' 'DAG' 'Node:' 'clean_up_local_level_4_0 -a dagman_log' '=' '/home/scitech/shared-data/sample-images-wf/scitech/pegasus/image_resize_wf/run0003/./image_resize_wf-0.dag.nodes.log -a +DAGManNodesMask' '=' '"0,1,2,4,5,7,9,10,11,12,13,16,17,24,27,35,36" -a priority=1000 -a +DAGNodeRetry' '=' '0 -a DAG_STATUS' '=' '0 -a FAILED_COUNT' '=' '0 -a +KeepClaimIdle' '=' '20 -a notification' '=' 'never -a +DAGParentNodeNames' '=' '"stage_out_local_local_0_0" 00/00/clean_up_local_level_4_0.sub
08/14/20 18:27:37 From submit: Submitting job(s).
08/14/20 18:27:37 From submit: 1 job(s) submitted to cluster 120.
08/14/20 18:27:37 	assigned HTCondor ID (120.0.0)
08/14/20 18:27:37 Submitting HTCondor Node register_local_0_0 job(s)...
08/14/20 18:27:37 Adding a DAGMan workflow log /home/scitech/shared-data/sample-images-wf/scitech/pegasus/image_resize_wf/run0003/./image_resize_wf-0.dag.nodes.log
08/14/20 18:27:37 Masking the events recorded in the DAGMAN workflow log
08/14/20 18:27:37 Mask for workflow log is 0,1,2,4,5,7,9,10,11,12,13,16,17,24,27,35,36
08/14/20 18:27:37 submitting: /usr/bin/condor_submit -a dag_node_name' '=' 'register_local_0_0 -a +DAGManJobId' '=' '113 -a DAGManJobId' '=' '113 -batch-name image_resize_wf-0.dag+113 -a submit_event_notes' '=' 'DAG' 'Node:' 'register_local_0_0 -a dagman_log' '=' '/home/scitech/shared-data/sample-images-wf/scitech/pegasus/image_resize_wf/run0003/./image_resize_wf-0.dag.nodes.log -a +DAGManNodesMask' '=' '"0,1,2,4,5,7,9,10,11,12,13,16,17,24,27,35,36" -a priority=40 -a +DAGNodeRetry' '=' '0 -a DAG_STATUS' '=' '0 -a FAILED_COUNT' '=' '0 -a notification' '=' 'never -a +DAGParentNodeNames' '=' '"stage_out_local_local_0_0" 00/00/register_local_0_0.sub
08/14/20 18:27:37 From submit: Submitting job(s).
08/14/20 18:27:37 From submit: 1 job(s) submitted to cluster 121.
08/14/20 18:27:37 	assigned HTCondor ID (121.0.0)
08/14/20 18:27:37 Just submitted 2 jobs this cycle...
08/14/20 18:27:37 Currently monitoring 1 HTCondor log file(s)
08/14/20 18:27:37 Event: ULOG_JOB_TERMINATED for HTCondor Node clean_up_local_level_3_0 (118.0.0) {08/14/20 18:27:32}
08/14/20 18:27:37 Number of idle job procs: 0
08/14/20 18:27:37 Node clean_up_local_level_3_0 job proc (118.0.0) completed successfully.
08/14/20 18:27:37 Node clean_up_local_level_3_0 job completed
08/14/20 18:27:37 Running POST script of Node clean_up_local_level_3_0...
08/14/20 18:27:37 Warning: mysin has length 0 (ignore if produced by DAGMan; see gittrac #4987, #5031)
08/14/20 18:27:37 Reassigning the id of job clean_up_local_level_4_0 from (120.0.0) to (120.0.0)
08/14/20 18:27:37 Event: ULOG_SUBMIT for HTCondor Node clean_up_local_level_4_0 (120.0.0) {08/14/20 18:27:37}
08/14/20 18:27:37 Number of idle job procs: 1
08/14/20 18:27:37 Reassigning the id of job register_local_0_0 from (121.0.0) to (121.0.0)
08/14/20 18:27:37 Event: ULOG_SUBMIT for HTCondor Node register_local_0_0 (121.0.0) {08/14/20 18:27:37}
08/14/20 18:27:37 Number of idle job procs: 2
08/14/20 18:27:37 DAG status: 0 (DAG_STATUS_OK)
08/14/20 18:27:37 Of 9 nodes total:
08/14/20 18:27:37  Done     Pre   Queued    Post   Ready   Un-Ready   Failed
08/14/20 18:27:37   ===     ===      ===     ===     ===        ===      ===
08/14/20 18:27:37     5       0        2       1       0          1        0
08/14/20 18:27:37 0 job proc(s) currently held
08/14/20 18:27:37 DAGMan Runtime Statistics: [ EventCycleTimeStd = 0.06301946123998362; EventCycleTimeMax = 0.1905910968780518; SubmitCycleTimeMin = 0.0003850460052490234; SubmitCycleTimeAvg = 0.04562726616859436; SleepCycleTimeCount = 15.0; SubmitCycleTimeCount = 16.0; SubmitCycleTimeMax = 0.182607889175415; SleepCycleTimeMin = 4.476457834243774; SubmitCycleTimeSum = 0.7300362586975098; LogProcessCycleTimeStd = 0.02433962086648678; SubmitCycleTimeStd = 0.07165110360957677; LogProcessCycleTimeAvg = 0.0241234302520752; EventCycleTimeMin = 0.01066398620605469; LogProcessCycleTimeMax = 0.09634208679199219; LogProcessCycleTimeMin = 0.003628969192504883; LogProcessCycleTimeSum = 0.2894811630249023; LogProcessCycleTimeCount = 12.0; EventCycleTimeSum = 0.9828803539276123; SleepCycleTimeSum = 75.30504059791565; SleepCycleTimeAvg = 5.020336039861044; SleepCycleTimeStd = 0.2195425051245548; SleepCycleTimeMax = 5.451723098754883; EventCycleTimeCount = 15.0; EventCycleTimeAvg = 0.06552535692850749; ]
08/14/20 18:27:38 Initializing user log writer for /home/scitech/shared-data/sample-images-wf/scitech/pegasus/image_resize_wf/run0003/./image_resize_wf-0.dag.nodes.log, (118.0.0)
08/14/20 18:27:42 Currently monitoring 1 HTCondor log file(s)
08/14/20 18:27:42 Event: ULOG_POST_SCRIPT_TERMINATED for HTCondor Node clean_up_local_level_3_0 (118.0.0) {08/14/20 18:27:38}
08/14/20 18:27:42 POST Script of node clean_up_local_level_3_0 completed successfully.
08/14/20 18:27:42 DAG status: 0 (DAG_STATUS_OK)
08/14/20 18:27:42 Of 9 nodes total:
08/14/20 18:27:42  Done     Pre   Queued    Post   Ready   Un-Ready   Failed
08/14/20 18:27:42   ===     ===      ===     ===     ===        ===      ===
08/14/20 18:27:42     6       0        2       0       0          1        0
08/14/20 18:27:42 0 job proc(s) currently held
08/14/20 18:27:42 DAGMan Runtime Statistics: [ EventCycleTimeStd = 0.06797407745064785; EventCycleTimeMax = 0.1905910968780518; SubmitCycleTimeMin = 0.0003850460052490234; SubmitCycleTimeAvg = 0.04297895992503447; SleepCycleTimeCount = 16.0; SubmitCycleTimeCount = 17.0; SubmitCycleTimeMax = 0.182607889175415; SleepCycleTimeMin = 4.476457834243774; SubmitCycleTimeSum = 0.7306423187255859; LogProcessCycleTimeStd = 0.02373933573048303; SubmitCycleTimeStd = 0.07022992986793766; LogProcessCycleTimeAvg = 0.02286745951725886; EventCycleTimeMin = 0.01066398620605469; LogProcessCycleTimeMax = 0.09634208679199219; LogProcessCycleTimeMin = 0.003628969192504883; LogProcessCycleTimeSum = 0.2972769737243652; LogProcessCycleTimeCount = 13.0; EventCycleTimeSum = 1.169321298599243; SleepCycleTimeSum = 79.80134463310242; SleepCycleTimeAvg = 4.987584039568901; SleepCycleTimeStd = 0.2492965045004155; SleepCycleTimeMax = 5.451723098754883; EventCycleTimeCount = 16.0; EventCycleTimeAvg = 0.0730825811624527; ]
08/14/20 18:27:47 Currently monitoring 1 HTCondor log file(s)
08/14/20 18:27:47 Event: ULOG_EXECUTE for HTCondor Node clean_up_local_level_4_0 (120.0.0) {08/14/20 18:27:42}
08/14/20 18:27:47 Number of idle job procs: 1
08/14/20 18:27:47 Event: ULOG_EXECUTE for HTCondor Node register_local_0_0 (121.0.0) {08/14/20 18:27:42}
08/14/20 18:27:47 Number of idle job procs: 0
08/14/20 18:27:47 Event: ULOG_JOB_TERMINATED for HTCondor Node register_local_0_0 (121.0.0) {08/14/20 18:27:46}
08/14/20 18:27:47 Number of idle job procs: 0
08/14/20 18:27:47 Node register_local_0_0 job proc (121.0.0) completed successfully.
08/14/20 18:27:47 Node register_local_0_0 job completed
08/14/20 18:27:47 Running POST script of Node register_local_0_0...
08/14/20 18:27:47 Warning: mysin has length 0 (ignore if produced by DAGMan; see gittrac #4987, #5031)
08/14/20 18:27:47 DAG status: 0 (DAG_STATUS_OK)
08/14/20 18:27:47 Of 9 nodes total:
08/14/20 18:27:47  Done     Pre   Queued    Post   Ready   Un-Ready   Failed
08/14/20 18:27:47   ===     ===      ===     ===     ===        ===      ===
08/14/20 18:27:47     6       0        1       1       0          1        0
08/14/20 18:27:47 0 job proc(s) currently held
08/14/20 18:27:47 DAGMan Runtime Statistics: [ EventCycleTimeStd = 0.06714544292862751; EventCycleTimeMax = 0.1905910968780518; SubmitCycleTimeMin = 0.0003850460052490234; SubmitCycleTimeAvg = 0.04063868522644043; SleepCycleTimeCount = 17.0; SubmitCycleTimeCount = 18.0; SubmitCycleTimeMax = 0.182607889175415; SleepCycleTimeMin = 4.476457834243774; SubmitCycleTimeSum = 0.7314963340759277; LogProcessCycleTimeStd = 0.02280802403341899; SubmitCycleTimeStd = 0.06885270544538843; LogProcessCycleTimeAvg = 0.02286234923771449; EventCycleTimeMin = 0.01066398620605469; LogProcessCycleTimeMax = 0.09634208679199219; LogProcessCycleTimeMin = 0.003628969192504883; LogProcessCycleTimeSum = 0.3200728893280029; LogProcessCycleTimeCount = 14.0; EventCycleTimeSum = 1.187578201293945; SleepCycleTimeSum = 84.77223372459412; SleepCycleTimeAvg = 4.986601983799654; SleepCycleTimeStd = 0.2414142618590425; SleepCycleTimeMax = 5.451723098754883; EventCycleTimeCount = 17.0; EventCycleTimeAvg = 0.06985754125258502; ]
08/14/20 18:27:47 Initializing user log writer for /home/scitech/shared-data/sample-images-wf/scitech/pegasus/image_resize_wf/run0003/./image_resize_wf-0.dag.nodes.log, (121.0.0)
08/14/20 18:27:52 Currently monitoring 1 HTCondor log file(s)
08/14/20 18:27:52 Event: ULOG_POST_SCRIPT_TERMINATED for HTCondor Node register_local_0_0 (121.0.0) {08/14/20 18:27:47}
08/14/20 18:27:52 POST Script of node register_local_0_0 completed successfully.
08/14/20 18:27:52 Event: ULOG_JOB_TERMINATED for HTCondor Node clean_up_local_level_4_0 (120.0.0) {08/14/20 18:27:50}
08/14/20 18:27:52 Number of idle job procs: 0
08/14/20 18:27:52 Node clean_up_local_level_4_0 job proc (120.0.0) completed successfully.
08/14/20 18:27:52 Node clean_up_local_level_4_0 job completed
08/14/20 18:27:52 Running POST script of Node clean_up_local_level_4_0...
08/14/20 18:27:52 Warning: mysin has length 0 (ignore if produced by DAGMan; see gittrac #4987, #5031)
08/14/20 18:27:52 DAG status: 0 (DAG_STATUS_OK)
08/14/20 18:27:52 Of 9 nodes total:
08/14/20 18:27:52  Done     Pre   Queued    Post   Ready   Un-Ready   Failed
08/14/20 18:27:52   ===     ===      ===     ===     ===        ===      ===
08/14/20 18:27:52     7       0        0       1       0          1        0
08/14/20 18:27:52 0 job proc(s) currently held
08/14/20 18:27:52 DAGMan Runtime Statistics: [ EventCycleTimeStd = 0.06575139413294796; EventCycleTimeMax = 0.1905910968780518; SubmitCycleTimeMin = 0.0003850460052490234; SubmitCycleTimeAvg = 0.0385548566517077; SleepCycleTimeCount = 18.0; SubmitCycleTimeCount = 19.0; SubmitCycleTimeMax = 0.182607889175415; SleepCycleTimeMin = 4.476457834243774; SubmitCycleTimeSum = 0.7325422763824463; LogProcessCycleTimeStd = 0.02201805994999702; SubmitCycleTimeStd = 0.06752649546018323; LogProcessCycleTimeAvg = 0.02320357958475749; EventCycleTimeMin = 0.01066398620605469; LogProcessCycleTimeMax = 0.09634208679199219; LogProcessCycleTimeMin = 0.003628969192504883; LogProcessCycleTimeSum = 0.3480536937713623; LogProcessCycleTimeCount = 15.0; EventCycleTimeSum = 1.219502210617065; SleepCycleTimeSum = 90.21733975410461; SleepCycleTimeAvg = 5.012074430783589; SleepCycleTimeStd = 0.2579375520866933; SleepCycleTimeMax = 5.451723098754883; EventCycleTimeCount = 18.0; EventCycleTimeAvg = 0.06775012281205919; ]
08/14/20 18:27:52 Initializing user log writer for /home/scitech/shared-data/sample-images-wf/scitech/pegasus/image_resize_wf/run0003/./image_resize_wf-0.dag.nodes.log, (120.0.0)
08/14/20 18:27:57 Currently monitoring 1 HTCondor log file(s)
08/14/20 18:27:57 Event: ULOG_POST_SCRIPT_TERMINATED for HTCondor Node clean_up_local_level_4_0 (120.0.0) {08/14/20 18:27:52}
08/14/20 18:27:57 POST Script of node clean_up_local_level_4_0 completed successfully.
08/14/20 18:27:57 DAG status: 0 (DAG_STATUS_OK)
08/14/20 18:27:57 Of 9 nodes total:
08/14/20 18:27:57  Done     Pre   Queued    Post   Ready   Un-Ready   Failed
08/14/20 18:27:57   ===     ===      ===     ===     ===        ===      ===
08/14/20 18:27:57     8       0        0       0       1          0        0
08/14/20 18:27:57 0 job proc(s) currently held
08/14/20 18:27:57 DAGMan Runtime Statistics: [ EventCycleTimeStd = 0.06417212801225369; EventCycleTimeMax = 0.1905910968780518; SubmitCycleTimeMin = 0.0003850460052490234; SubmitCycleTimeAvg = 0.03668662309646607; SleepCycleTimeCount = 19.0; SubmitCycleTimeCount = 20.0; SubmitCycleTimeMax = 0.182607889175415; SleepCycleTimeMin = 4.476457834243774; SubmitCycleTimeSum = 0.7337324619293213; LogProcessCycleTimeStd = 0.02156387698732959; SubmitCycleTimeStd = 0.06625437793632101; LogProcessCycleTimeAvg = 0.02231879532337189; EventCycleTimeMin = 0.01066398620605469; LogProcessCycleTimeMax = 0.09634208679199219; LogProcessCycleTimeMin = 0.003628969192504883; LogProcessCycleTimeSum = 0.3571007251739502; LogProcessCycleTimeCount = 16.0; EventCycleTimeSum = 1.261466026306152; SleepCycleTimeSum = 95.57757496833801; SleepCycleTimeAvg = 5.030398682544106; SleepCycleTimeStd = 0.2630881156236674; SleepCycleTimeMax = 5.451723098754883; EventCycleTimeCount = 19.0; EventCycleTimeAvg = 0.06639294875295539; ]
08/14/20 18:28:02 Submitting HTCondor Node cleanup_image_resize_wf_0_local job(s)...
08/14/20 18:28:02 Adding a DAGMan workflow log /home/scitech/shared-data/sample-images-wf/scitech/pegasus/image_resize_wf/run0003/./image_resize_wf-0.dag.nodes.log
08/14/20 18:28:02 Masking the events recorded in the DAGMAN workflow log
08/14/20 18:28:02 Mask for workflow log is 0,1,2,4,5,7,9,10,11,12,13,16,17,24,27,35,36
08/14/20 18:28:02 submitting: /usr/bin/condor_submit -a dag_node_name' '=' 'cleanup_image_resize_wf_0_local -a +DAGManJobId' '=' '113 -a DAGManJobId' '=' '113 -batch-name image_resize_wf-0.dag+113 -a submit_event_notes' '=' 'DAG' 'Node:' 'cleanup_image_resize_wf_0_local -a dagman_log' '=' '/home/scitech/shared-data/sample-images-wf/scitech/pegasus/image_resize_wf/run0003/./image_resize_wf-0.dag.nodes.log -a +DAGManNodesMask' '=' '"0,1,2,4,5,7,9,10,11,12,13,16,17,24,27,35,36" -a priority=1000 -a +DAGNodeRetry' '=' '0 -a DAG_STATUS' '=' '0 -a FAILED_COUNT' '=' '0 -a notification' '=' 'never -a +DAGParentNodeNames' '=' '"clean_up_local_level_3_0,clean_up_local_level_4_0" 00/00/cleanup_image_resize_wf_0_local.sub
08/14/20 18:28:03 From submit: Submitting job(s).
08/14/20 18:28:03 From submit: 1 job(s) submitted to cluster 122.
08/14/20 18:28:03 	assigned HTCondor ID (122.0.0)
08/14/20 18:28:03 Just submitted 1 job this cycle...
08/14/20 18:28:03 DAG status: 0 (DAG_STATUS_OK)
08/14/20 18:28:03 Of 9 nodes total:
08/14/20 18:28:03  Done     Pre   Queued    Post   Ready   Un-Ready   Failed
08/14/20 18:28:03   ===     ===      ===     ===     ===        ===      ===
08/14/20 18:28:03     8       0        1       0       0          0        0
08/14/20 18:28:03 0 job proc(s) currently held
08/14/20 18:28:03 DAGMan Runtime Statistics: [ EventCycleTimeStd = 0.06323227106699622; EventCycleTimeMax = 0.1905910968780518; SubmitCycleTimeMin = 0.0003850460052490234; SubmitCycleTimeAvg = 0.04362916946411133; SleepCycleTimeCount = 20.0; SubmitCycleTimeCount = 21.0; SubmitCycleTimeMax = 0.182607889175415; SleepCycleTimeMin = 4.476457834243774; SubmitCycleTimeSum = 0.9162125587463379; LogProcessCycleTimeStd = 0.02156387698732959; SubmitCycleTimeStd = 0.07198846030682564; LogProcessCycleTimeAvg = 0.02231879532337189; EventCycleTimeMin = 0.01066398620605469; LogProcessCycleTimeMax = 0.09634208679199219; LogProcessCycleTimeMin = 0.003628969192504883; LogProcessCycleTimeSum = 0.3571007251739502; LogProcessCycleTimeCount = 16.0; EventCycleTimeSum = 1.283813953399658; SleepCycleTimeSum = 100.585471868515; SleepCycleTimeAvg = 5.029273593425751; SleepCycleTimeStd = 0.2561205957914264; SleepCycleTimeMax = 5.451723098754883; EventCycleTimeCount = 20.0; EventCycleTimeAvg = 0.06419069766998291; ]
08/14/20 18:28:08 Currently monitoring 1 HTCondor log file(s)
08/14/20 18:28:08 Reassigning the id of job cleanup_image_resize_wf_0_local from (122.0.0) to (122.0.0)
08/14/20 18:28:08 Event: ULOG_SUBMIT for HTCondor Node cleanup_image_resize_wf_0_local (122.0.0) {08/14/20 18:28:03}
08/14/20 18:28:08 Number of idle job procs: 1
08/14/20 18:28:08 Event: ULOG_EXECUTE for HTCondor Node cleanup_image_resize_wf_0_local (122.0.0) {08/14/20 18:28:04}
08/14/20 18:28:08 Number of idle job procs: 0
08/14/20 18:28:08 Event: ULOG_JOB_TERMINATED for HTCondor Node cleanup_image_resize_wf_0_local (122.0.0) {08/14/20 18:28:06}
08/14/20 18:28:08 Number of idle job procs: 0
08/14/20 18:28:08 Node cleanup_image_resize_wf_0_local job proc (122.0.0) completed successfully.
08/14/20 18:28:08 Node cleanup_image_resize_wf_0_local job completed
08/14/20 18:28:08 Running POST script of Node cleanup_image_resize_wf_0_local...
08/14/20 18:28:08 Warning: mysin has length 0 (ignore if produced by DAGMan; see gittrac #4987, #5031)
08/14/20 18:28:08 DAG status: 0 (DAG_STATUS_OK)
08/14/20 18:28:08 Of 9 nodes total:
08/14/20 18:28:08  Done     Pre   Queued    Post   Ready   Un-Ready   Failed
08/14/20 18:28:08   ===     ===      ===     ===     ===        ===      ===
08/14/20 18:28:08     8       0        0       1       0          0        0
08/14/20 18:28:08 0 job proc(s) currently held
08/14/20 18:28:08 DAGMan Runtime Statistics: [ EventCycleTimeStd = 0.06787407578446042; EventCycleTimeMax = 0.1944911479949951; SubmitCycleTimeMin = 0.0003850460052490234; SubmitCycleTimeAvg = 0.04172262278470126; SleepCycleTimeCount = 21.0; SubmitCycleTimeCount = 22.0; SubmitCycleTimeMax = 0.182607889175415; SleepCycleTimeMin = 4.476457834243774; SubmitCycleTimeSum = 0.9178977012634277; LogProcessCycleTimeStd = 0.02100490865459386; SubmitCycleTimeStd = 0.0708203970814246; LogProcessCycleTimeAvg = 0.02287546326132382; EventCycleTimeMin = 0.01066398620605469; LogProcessCycleTimeMax = 0.09634208679199219; LogProcessCycleTimeMin = 0.003628969192504883; LogProcessCycleTimeSum = 0.3888828754425049; LogProcessCycleTimeCount = 17.0; EventCycleTimeSum = 1.478305101394653; SleepCycleTimeSum = 105.5918416976929; SleepCycleTimeAvg = 5.028182937985375; SleepCycleTimeStd = 0.2496855056350153; SleepCycleTimeMax = 5.451723098754883; EventCycleTimeCount = 21.0; EventCycleTimeAvg = 0.07039548101879302; ]
08/14/20 18:28:08 Initializing user log writer for /home/scitech/shared-data/sample-images-wf/scitech/pegasus/image_resize_wf/run0003/./image_resize_wf-0.dag.nodes.log, (122.0.0)
08/14/20 18:28:13 Currently monitoring 1 HTCondor log file(s)
08/14/20 18:28:13 Event: ULOG_POST_SCRIPT_TERMINATED for HTCondor Node cleanup_image_resize_wf_0_local (122.0.0) {08/14/20 18:28:08}
08/14/20 18:28:13 POST Script of node cleanup_image_resize_wf_0_local completed successfully.
08/14/20 18:28:13 DAG status: 0 (DAG_STATUS_OK)
08/14/20 18:28:13 Of 9 nodes total:
08/14/20 18:28:13  Done     Pre   Queued    Post   Ready   Un-Ready   Failed
08/14/20 18:28:13   ===     ===      ===     ===     ===        ===      ===
08/14/20 18:28:13     9       0        0       0       0          0        0
08/14/20 18:28:13 0 job proc(s) currently held
08/14/20 18:28:13 DAGMan Runtime Statistics: [ EventCycleTimeStd = 0.06646175519078278; EventCycleTimeMax = 0.1944911479949951; SubmitCycleTimeMin = 0.0003850460052490234; SubmitCycleTimeAvg = 0.03995068176932957; SleepCycleTimeCount = 22.0; SubmitCycleTimeCount = 23.0; SubmitCycleTimeMax = 0.182607889175415; SleepCycleTimeMin = 4.476457834243774; SubmitCycleTimeSum = 0.9188656806945801; LogProcessCycleTimeStd = 0.02062492993919561; SubmitCycleTimeStd = 0.06971201397337663; LogProcessCycleTimeAvg = 0.02212509844038222; EventCycleTimeMin = 0.01066398620605469; LogProcessCycleTimeMax = 0.09634208679199219; LogProcessCycleTimeMin = 0.003628969192504883; LogProcessCycleTimeSum = 0.3982517719268799; LogProcessCycleTimeCount = 18.0; EventCycleTimeSum = 1.523160219192505; SleepCycleTimeSum = 111.1402986049652; SleepCycleTimeAvg = 5.051831754771146; SleepCycleTimeStd = 0.2677274888339267; SleepCycleTimeMax = 5.548456907272339; EventCycleTimeCount = 22.0; EventCycleTimeAvg = 0.06923455541784113; ]
08/14/20 18:28:13 All jobs Completed!
08/14/20 18:28:13 Note: 0 total job deferrals because of -MaxJobs limit (0)
08/14/20 18:28:13 Note: 0 total job deferrals because of -MaxIdle limit (1000)
08/14/20 18:28:13 Note: 0 total job deferrals because of node category throttles
08/14/20 18:28:13 Note: 0 total PRE script deferrals because of -MaxPre limit (20) or DEFER
08/14/20 18:28:13 Note: 0 total POST script deferrals because of -MaxPost limit (20) or DEFER
08/14/20 18:28:13 DAG status: 0 (DAG_STATUS_OK)
08/14/20 18:28:13 Of 9 nodes total:
08/14/20 18:28:13  Done     Pre   Queued    Post   Ready   Un-Ready   Failed
08/14/20 18:28:13   ===     ===      ===     ===     ===        ===      ===
08/14/20 18:28:13     9       0        0       0       0          0        0
08/14/20 18:28:13 0 job proc(s) currently held
08/14/20 18:28:13 DAGMan Runtime Statistics: [ EventCycleTimeStd = 0.06646175519078278; EventCycleTimeMax = 0.1944911479949951; SubmitCycleTimeMin = 0.0003850460052490234; SubmitCycleTimeAvg = 0.03995068176932957; SleepCycleTimeCount = 22.0; SubmitCycleTimeCount = 23.0; SubmitCycleTimeMax = 0.182607889175415; SleepCycleTimeMin = 4.476457834243774; SubmitCycleTimeSum = 0.9188656806945801; LogProcessCycleTimeStd = 0.02062492993919561; SubmitCycleTimeStd = 0.06971201397337663; LogProcessCycleTimeAvg = 0.02212509844038222; EventCycleTimeMin = 0.01066398620605469; LogProcessCycleTimeMax = 0.09634208679199219; LogProcessCycleTimeMin = 0.003628969192504883; LogProcessCycleTimeSum = 0.3982517719268799; LogProcessCycleTimeCount = 18.0; EventCycleTimeSum = 1.523160219192505; SleepCycleTimeSum = 111.1402986049652; SleepCycleTimeAvg = 5.051831754771146; SleepCycleTimeStd = 0.2677274888339267; SleepCycleTimeMax = 5.548456907272339; EventCycleTimeCount = 22.0; EventCycleTimeAvg = 0.06923455541784113; ]
08/14/20 18:28:13 Wrote metrics file image_resize_wf-0.dag.metrics.
08/14/20 18:28:13 Reporting metrics to Pegasus metrics server(s); output is in image_resize_wf-0.dag.metrics.out.
08/14/20 18:28:13 Running command </usr/libexec/condor/condor_dagman_metrics_reporter -f image_resize_wf-0.dag.metrics -t 100>
08/14/20 18:28:13 Warning: mysin has length 0 (ignore if produced by DAGMan; see gittrac #4987, #5031)
08/14/20 18:28:13 DAGMan Runtime Statistics: [ EventCycleTimeStd = 0.06646175519078278; EventCycleTimeMax = 0.1944911479949951; SubmitCycleTimeMin = 0.0003850460052490234; SubmitCycleTimeAvg = 0.03995068176932957; SleepCycleTimeCount = 22.0; SubmitCycleTimeCount = 23.0; SubmitCycleTimeMax = 0.182607889175415; SleepCycleTimeMin = 4.476457834243774; SubmitCycleTimeSum = 0.9188656806945801; LogProcessCycleTimeStd = 0.02062492993919561; SubmitCycleTimeStd = 0.06971201397337663; LogProcessCycleTimeAvg = 0.02212509844038222; EventCycleTimeMin = 0.01066398620605469; LogProcessCycleTimeMax = 0.09634208679199219; LogProcessCycleTimeMin = 0.003628969192504883; LogProcessCycleTimeSum = 0.3982517719268799; LogProcessCycleTimeCount = 18.0; EventCycleTimeSum = 1.523160219192505; SleepCycleTimeSum = 111.1402986049652; SleepCycleTimeAvg = 5.051831754771146; SleepCycleTimeStd = 0.2677274888339267; SleepCycleTimeMax = 5.548456907272339; EventCycleTimeCount = 22.0; EventCycleTimeAvg = 0.06923455541784113; ]
08/14/20 18:28:13 **** condor_scheduniv_exec.113.0 (condor_DAGMAN) pid 6363 EXITING WITH STATUS 0
