2020-08-14 18:26:18,943:INFO:pegasus-monitord(58): pegasus-monitord starting - pid 6364 
2020-08-14 18:26:18,972:INFO:pegasus-monitord(455): Final Command line options are: ['-N', 'image_resize_wf-0.dag.dagman.out']
2020-08-14 18:26:18,998:INFO:Pegasus.monitoring.event_output(629): Connecting workflow event sink to sqlite:////home/scitech/shared-data/sample-images-wf/scitech/pegasus/image_resize_wf/run0003/image_resize_wf-0.stampede.db
Created Pegasus database in: sqlite:////home/scitech/shared-data/sample-images-wf/scitech/pegasus/image_resize_wf/run0003/image_resize_wf-0.stampede.db
Your database is compatible with Pegasus version: 5.0.0dev
2020-08-14 18:26:20,933:INFO:Pegasus.monitoring.event_output(703): output type=DB namespace=stampede. name=sqlite:////home/scitech/shared-data/sample-images-wf/scitech/pegasus/image_resize_wf/run0003/image_resize_wf-0.stampede.db
2020-08-14 18:26:20,935:INFO:Pegasus.monitoring.event_output(629): Connecting workflow event sink to sqlite:////home/scitech/.pegasus/workflow.db
Your database is compatible with Pegasus version: 5.0.0dev
2020-08-14 18:26:21,820:INFO:Pegasus.monitoring.event_output(703): output type=DB namespace=dashboard. name=sqlite:////home/scitech/.pegasus/workflow.db
2020-08-14 18:26:21,822:INFO:pegasus-monitord(1247): monitord started in fast start mode
2020-08-14 18:26:21,887:INFO:Pegasus.monitoring.workflow(461): cannot open state file /home/scitech/shared-data/sample-images-wf/scitech/pegasus/image_resize_wf/run0003/monitord.info, continuing without state...
2020-08-14 18:26:21,888:INFO:Pegasus.monitoring.workflow(1148): creating new file /home/scitech/shared-data/sample-images-wf/scitech/pegasus/image_resize_wf/run0003/jobstate.log
2020-08-14 18:26:21,889:INFO:Pegasus.monitoring.workflow(1158): Appending to existing jobstate.log replay_mode 0 previous_processed_line 0
2020-08-14 18:26:21,893:INFO:Pegasus.monitoring.notifications(474): loading notifications from /home/scitech/shared-data/sample-images-wf/scitech/pegasus/image_resize_wf/run0003/image_resize_wf-0.notify
2020-08-14 18:26:22,426:INFO:Pegasus.monitoring.workflow(205): Parsing DAG file /home/scitech/shared-data/sample-images-wf/scitech/pegasus/image_resize_wf/run0003/image_resize_wf-0.dag
2020-08-14 18:26:22,438:INFO:pegasus-monitord(974): Using DAGMan version 8.8.9 80809
2020-08-14 18:26:22,439:INFO:pegasus-monitord(949): DAGMan runs at pid 6363
2020-08-14 18:26:22,444:INFO:pegasus-monitord(955): using dag image_resize_wf-0.dag
2020-08-14 18:26:22,444:INFO:Pegasus.monitoring.workflow(811): DAGMan starting with condor id 113.0
2020-08-14 18:27:53,059:INFO:Pegasus.monitoring.workflow(2467): Populating locations corresponding to succeeded registration job  /home/scitech/shared-data/sample-images-wf/scitech/pegasus/image_resize_wf/run0003/00/00/register_local_0_0.in 
2020-08-14 18:28:14,705:INFO:pegasus-monitord(927): DAGMan image_resize_wf-0.dag finished with exit code 0
2020-08-14 18:28:15,738:INFO:pegasus-monitord(1427): workflow /home/scitech/shared-data/sample-images-wf/scitech/pegasus/image_resize_wf/run0003/image_resize_wf-0.dag.dagman.out ended
2020-08-14 18:28:15,744:INFO:Pegasus.monitoring.workflow(1377): recovery file deleted: /home/scitech/shared-data/sample-images-wf/scitech/pegasus/image_resize_wf/run0003/monitord.recover
2020-08-14 18:28:15,749:INFO:pegasus-monitord(1665): finishing workflow: /home/scitech/shared-data/sample-images-wf/scitech/pegasus/image_resize_wf/run0003/image_resize_wf-0.dag.dagman.out
2020-08-14 18:28:15,750:INFO:pegasus-monitord(1719): finishing notifications...
2020-08-14 18:28:15,751:INFO:pegasus-monitord(1727): monitord process 6364 exiting with 0
2020-08-14 18:28:15,753:INFO:pegasus-monitord(197): DB flushing beginning
2020-08-14 18:28:15,753:INFO:Pegasus.db.workflow_loader.WorkflowLoader(1244): Executing final flush
2020-08-14 18:28:15,864:INFO:Pegasus.db.dashboard_loader.DashboardLoader(397): Executing final flush
2020-08-14 18:28:15,865:INFO:pegasus-monitord(213): DB flushing ended
